This is pdfTeX, Version 3.14159265-2.6-1.40.15 (TeX Live 2014) (preloaded format=pdflatex 2014.10.9)  22 FEB 2015 14:39
entering extended mode
 restricted \write18 enabled.
 file:line:error style messages enabled.
 %&-line parsing enabled.
**"ASTeC - IRC179793 .tex"
(./ASTeC - IRC179793 .tex
LaTeX2e <2014/05/01>
Babel <3.9k> and hyphenation patterns for 78 languages loaded.
(/usr/local/texlive/2014/texmf-dist/tex/latex/base/letter.cls
Document Class: letter 1999/04/29 v1.2z Standard LaTeX document class
(/usr/local/texlive/2014/texmf-dist/tex/latex/base/size11.clo
File: size11.clo 2007/10/19 v1.4h Standard LaTeX file (size option)
)
\longindentation=\dimen102
\indentedwidth=\dimen103
\labelcount=\count79
)
(/usr/local/texlive/2014/texmf-dist/tex/latex/psnfss/newcent.sty
Package: newcent 2005/04/12 PSNFSS-v9.2a (SPQR) 
)
(./ASTeC - IRC179793 .aux)
\openout1 = `"ASTeC - IRC179793 .aux"'.

LaTeX Font Info:    Checking defaults for OML/cmm/m/it on input line 14.
LaTeX Font Info:    ... okay on input line 14.
LaTeX Font Info:    Checking defaults for T1/cmr/m/n on input line 14.
LaTeX Font Info:    ... okay on input line 14.
LaTeX Font Info:    Checking defaults for OT1/cmr/m/n on input line 14.
LaTeX Font Info:    ... okay on input line 14.
LaTeX Font Info:    Checking defaults for OMS/cmsy/m/n on input line 14.
LaTeX Font Info:    ... okay on input line 14.
LaTeX Font Info:    Checking defaults for OMX/cmex/m/n on input line 14.
LaTeX Font Info:    ... okay on input line 14.
LaTeX Font Info:    Checking defaults for U/cmr/m/n on input line 14.
LaTeX Font Info:    ... okay on input line 14.
LaTeX Font Info:    Try loading font information for OT1+pnc on input line 14.

(/usr/local/texlive/2014/texmf-dist/tex/latex/psnfss/ot1pnc.fd
File: ot1pnc.fd 2001/06/04 font definitions for OT1/pnc.
)
LaTeX Font Info:    External font `cmex10' loaded for size
(Font)              <10.95> on input line 38.
LaTeX Font Info:    External font `cmex10' loaded for size
(Font)              <8> on input line 38.
LaTeX Font Info:    External font `cmex10' loaded for size
(Font)              <6> on input line 38.
 [1

{/usr/local/texlive/2014/texmf-var/fonts/map/pdftex/updmap/pdftex.map}]
(./ASTeC - IRC179793 .aux) ) 
Here is how much of TeX's memory you used:
 199 strings out of 493117
 2482 string characters out of 6135433
 55909 words of memory out of 5000000
 3732 multiletter control sequences out of 15000+600000
 8253 words of font info for 26 fonts, out of 8000000 for 9000
 1141 hyphenation exceptions out of 8191
 25i,6n,19p,630b,212s stack positions out of 5000i,500n,10000p,200000b,80000s
{/usr/local/texlive/2014/texmf-dist/fonts/enc/dvips
/base/8r.enc}</usr/local/texlive/2014/texmf-dist/fonts/type1/urw/ncntrsbk/uncr8
a.pfb>
Output written on "ASTeC - IRC179793 .pdf" (1 page, 18942 bytes).
PDF statistics:
 13 PDF objects out of 1000 (max. 8388607)
 8 compressed objects within 1 object stream
 0 named destinations out of 1000 (max. 500000)
 1 words of extra memory for PDF output out of 10000 (max. 10000000)

